desc: --massif-out-file=max_num_array/massif.out
cmd: max_num_array/max_num_array
time_unit: i
#-----------
snapshot=0
#-----------
time=0
mem_heap_B=0
mem_heap_extra_B=0
mem_stacks_B=0
heap_tree=empty
#-----------
snapshot=1
#-----------
time=152947
mem_heap_B=4096
mem_heap_extra_B=8
mem_stacks_B=0
heap_tree=empty
#-----------
snapshot=2
#-----------
time=154269
mem_heap_B=4116
mem_heap_extra_B=28
mem_stacks_B=0
heap_tree=empty
#-----------
snapshot=3
#-----------
time=158898
mem_heap_B=8212
mem_heap_extra_B=36
mem_stacks_B=0
heap_tree=empty
#-----------
snapshot=4
#-----------
time=159881
mem_heap_B=8212
mem_heap_extra_B=36
mem_stacks_B=0
heap_tree=peak
n2: 8212 (heap allocation functions) malloc/new/new[], --alloc-fns, etc.
 n1: 8192 0x48C5B0B: _IO_file_doallocate (filedoalloc.c:91)
  n1: 8192 0x48D5D05: _IO_doallocbuf (genops.c:373)
   n2: 8192 0x48D5D05: _IO_doallocbuf (genops.c:368)
    n1: 4096 0x48D37ED: _IO_file_underflow@@GLIBC_2.2.5 (fileops.c:520)
     n1: 4096 0x48D5DF2: _IO_default_uflow (genops.c:388)
      n1: 4096 0x48ACBF7: __vfscanf_internal (vfscanf-internal.c:676)
       n1: 4096 0x489FF55: __isoc99_scanf (isoc99_scanf.c:30)
        n0: 4096 0x4003D8: main (max_num_array.c:6)
    n1: 4096 0x48D3B98: _IO_file_overflow@@GLIBC_2.2.5 (fileops.c:779)
     n1: 4096 0x48D47AA: _IO_new_file_xsputn (fileops.c:1305)
      n1: 4096 0x48D47AA: _IO_file_xsputn@@GLIBC_2.2.5 (fileops.c:1258)
       n1: 4096 0x48A0AA5: __printf_buffer_flush_to_file (printf_buffer_to_file.c:59)
        n1: 4096 0x48A0B8B: __printf_buffer_to_file_done (printf_buffer_to_file.c:120)
         n1: 4096 0x48AC393: __vfprintf_internal (vfprintf-internal.c:1544)
          n1: 4096 0x48A0232: printf (printf.c:33)
           n0: 4096 0x400486: main (max_num_array.c:26)
 n0: 20 in 1 place, below massif's threshold (1.00%)
#-----------
snapshot=5
#-----------
time=159881
mem_heap_B=8192
mem_heap_extra_B=16
mem_stacks_B=0
heap_tree=empty
#-----------
snapshot=6
#-----------
time=165029
mem_heap_B=4096
mem_heap_extra_B=8
mem_stacks_B=0
heap_tree=empty
#-----------
snapshot=7
#-----------
time=165064
mem_heap_B=0
mem_heap_extra_B=0
mem_stacks_B=0
heap_tree=empty
